#
# A fatal error has been detected by the Java Runtime Environment:
#
#  EXCEPTION_ACCESS_VIOLATION (0xc0000005) at pc=0x00007ffede45e878, pid=2264, tid=9396
#
# JRE version: Java(TM) SE Runtime Environment (15.0.1+9) (build 15.0.1+9-18)
# Java VM: Java HotSpot(TM) 64-Bit Server VM (15.0.1+9-18, mixed mode, sharing, tiered, compressed oops, g1 gc, windows-amd64)
# Problematic frame:
# V  [jvm.dll+0x20e878]
#
# No core dump will be written. Minidumps are not enabled by default on client versions of Windows
#
# If you would like to submit a bug report, please visit:
#   https://bugreport.java.com/bugreport/crash.jsp
#

---------------  S U M M A R Y ------------

Command Line: -XX:+ShowCodeDetailsInExceptionMessages -agentlib:jdwp=transport=dt_socket,suspend=y,address=localhost:49696 -javaagent:C:\Users\ZGOP\eclipse\java-2020-09\eclipse\configuration\org.eclipse.osgi\215\0\.cp\lib\javaagent-shaded.jar -Dfile.encoding=Cp1250 DomaciZadatakS7.Zadatak1S7

Host: Intel(R) Core(TM) i5-7200U CPU @ 2.50GHz, 4 cores, 7G,  Windows 10 , 64 bit Build 19041 (10.0.19041.662)
Time: Wed Dec 23 09:31:36 2020 Standard. vreme u Centr. Evropi elapsed time: 2733.225929 seconds (0d 0h 45m 33s)

---------------  T H R E A D  ---------------

Current thread (0x000001f5b31d6db0):  JavaThread "JDWP Transport Listener: dt_socket" daemon [_thread_in_vm, id=9396, stack(0x000000ebdcb00000,0x000000ebdcc00000)] _threads_hazard_ptr=0x000001f5b32ebed0

Stack: [0x000000ebdcb00000,0x000000ebdcc00000],  sp=0x000000ebdcbfea48,  free space=1018k
Native frames: (J=compiled Java code, j=interpreted, Vv=VM code, C=native code)
V  [jvm.dll+0x20e878]


siginfo: EXCEPTION_ACCESS_VIOLATION (0xc0000005), reading address 0x000001f5b2d94cd8


Register to memory mapping:

RIP=0x00007ffede45e878 jvm.dll
RAX=0x00000000001cc100 is an unknown value
RBX=0x000000ebdcbfecf0 is pointing into the stack for thread: 0x000001f5b31d6db0
RCX=0x000001f5b2bc8bd8 is pointing into metadata
RDX=0x000000000000e607 is an unknown value
RSP=0x000000ebdcbfea48 is pointing into the stack for thread: 0x000001f5b31d6db0
RBP=0x0000000000000001 is an unknown value
RSI=0x0000000000000001 is an unknown value
RDI=0x000001f5b2bc8340 is pointing into metadata
R8 =0x0 is NULL
R9 =0x000001f5b2bc8340 is pointing into metadata
R10=0x000000ebdcbfecf0 is pointing into the stack for thread: 0x000001f5b31d6db0
R11={method} {0x000001f5b2bc8988} 'main' '([Ljava/lang/String;)V' in 'DomaciZadatakS7/Zadatak1S7'
R12=0x00007ffede250000 jvm.dll
R13=0x000001f5b30abdd0 points into unknown readable memory: 0x0000000089104d00 | 00 4d 10 89 00 00 00 00
R14=0x000001f5b2bc88d7 is pointing into metadata
R15=0x0000000000000026 is an unknown value


Registers:
RAX=0x00000000001cc100, RBX=0x000000ebdcbfecf0, RCX=0x000001f5b2bc8bd8, RDX=0x000000000000e607
RSP=0x000000ebdcbfea48, RBP=0x0000000000000001, RSI=0x0000000000000001, RDI=0x000001f5b2bc8340
R8 =0x0000000000000000, R9 =0x000001f5b2bc8340, R10=0x000000ebdcbfecf0, R11=0x000001f5b2bc8980
R12=0x00007ffede250000, R13=0x000001f5b30abdd0, R14=0x000001f5b2bc88d7, R15=0x0000000000000026
RIP=0x00007ffede45e878, EFLAGS=0x0000000000010206

Top of Stack: (sp=0x000000ebdcbfea48)
0x000000ebdcbfea48:   00007ffede54fcb3 0000000000000000
0x000000ebdcbfea58:   00007ffede359cfe 000000ebdcbfeac0
0x000000ebdcbfea68:   00007ffede35201e 000001f500000000
0x000000ebdcbfea78:   00000000000000b2 000000ebdcbfecf0
0x000000ebdcbfea88:   00007ffede5509b3 0000568ccce74d4c
0x000000ebdcbfea98:   000000ebdcbfecf0 000001f5b2bc88d7
0x000000ebdcbfeaa8:   00000000000000b2 000000ebdcbfecf0
0x000000ebdcbfeab8:   00007ffede5521e2 000000ebdcbfeb60
0x000000ebdcbfeac8:   000000ebdcbfeb60 0000000000000001
0x000000ebdcbfead8:   000001f5b2bc88bf 000000eb0000001f
0x000000ebdcbfeae8:   0000000000000000 000001f5b2bc8980
0x000000ebdcbfeaf8:   000001f5b31d6db0 000001f5b2bc88cb
0x000000ebdcbfeb08:   00007ffede359cfe 000001f5b2bc8980
0x000000ebdcbfeb18:   000000ebdcbfecf0 0000000000000026
0x000000ebdcbfeb28:   00000000000000b2 000000ebdcbfecf0
0x000000ebdcbfeb38:   00007ffede5528ee 000000ebdcbfeb90 

Instructions: (pc=0x00007ffede45e878)
0x00007ffede45e778:   03 03 03 03 03 03 03 03 03 03 03 03 03 03 03 03
0x00007ffede45e788:   03 03 03 03 03 03 03 03 03 03 03 03 03 03 03 03
0x00007ffede45e798:   03 03 03 03 03 03 03 03 03 03 03 03 03 03 03 03
0x00007ffede45e7a8:   03 03 03 03 03 03 03 03 03 03 03 03 03 03 03 03
0x00007ffede45e7b8:   03 03 03 02 03 03 02 cc 48 89 5c 24 08 48 89 74
0x00007ffede45e7c8:   24 10 57 48 83 ec 20 48 63 da 41 0f b6 f0 48 8b
0x00007ffede45e7d8:   f9 85 d2 79 24 4c 8d 0d 9c 97 66 00 ba af 02 00
0x00007ffede45e7e8:   00 4c 8d 05 c8 97 66 00 48 8d 0d 41 97 66 00 e8
0x00007ffede45e7f8:   54 79 00 00 e8 3f c1 41 00 40 84 f6 75 18 48 8b
0x00007ffede45e808:   4f 10 48 85 c9 74 0f 48 8d 43 01 48 c1 e0 05 48
0x00007ffede45e818:   8b 04 08 0f b7 d8 48 8b 74 24 38 48 63 c3 48 8b
0x00007ffede45e828:   5c 24 30 0f b7 44 c7 48 48 83 c4 20 5f c3 cc cc
0x00007ffede45e838:   cc cc cc cc cc cc cc cc 4c 8b c9 45 84 c0 75 41
0x00007ffede45e848:   48 8b 49 10 48 85 c9 74 38 85 d2 79 19 f7 d2 8b
0x00007ffede45e858:   c2 48 ff c0 48 c1 e0 05 48 8b 04 08 0f b7 c8 41
0x00007ffede45e868:   0f b7 44 c9 4a c3 48 63 c2 48 ff c0 48 c1 e0 05
0x00007ffede45e878:   48 8b 04 08 0f b7 d0 48 63 c2 41 0f b7 44 c1 4a
0x00007ffede45e888:   c3 49 8b 41 08 4c 63 c2 42 0f b6 44 00 04 8d 48
0x00007ffede45e898:   ef 80 f9 01 76 0e 3c 6a 74 0a 48 63 c2 41 0f b7
0x00007ffede45e8a8:   44 c1 4a c3 43 0f b7 44 c1 4a c3 cc cc cc cc cc
0x00007ffede45e8b8:   cc cc cc cc cc cc cc cc 40 53 48 83 ec 20 48 8b
0x00007ffede45e8c8:   d9 e8 72 ff ff ff 48 63 d0 0f b7 44 d3 48 48 8b
0x00007ffede45e8d8:   44 c3 48 48 83 c4 20 5b c3 cc cc cc cc cc cc cc
0x00007ffede45e8e8:   cc cc cc cc cc cc cc cc 40 53 48 83 ec 20 48 8b
0x00007ffede45e8f8:   d9 e8 42 ff ff ff 48 63 d0 0f b7 44 d3 4a 48 8b
0x00007ffede45e908:   44 c3 48 48 83 c4 20 5b c3 cc cc cc cc cc cc cc
0x00007ffede45e918:   cc cc cc cc cc cc cc cc 4c 8b d1 45 84 c9 75 28
0x00007ffede45e928:   4c 8b 49 10 4d 85 c9 74 1f 45 85 c0 79 08 41 f7
0x00007ffede45e938:   d0 41 8b c0 eb 03 49 63 c0 48 ff c0 48 c1 e0 05
0x00007ffede45e948:   4a 8b 04 08 44 0f b7 c0 49 8b 42 08 49 63 c8 0f
0x00007ffede45e958:   b6 4c 08 04 48 8b c2 88 0a c3 cc cc cc cc cc cc
0x00007ffede45e968:   cc cc cc cc cc cc cc cc 40 56 57 41 54 41 56 41 


Stack slot to memory mapping:
stack at sp + 0 slots: 0x00007ffede54fcb3 jvm.dll
stack at sp + 1 slots: 0x0 is NULL
stack at sp + 2 slots: 0x00007ffede359cfe jvm.dll
stack at sp + 3 slots: 0x000000ebdcbfeac0 is pointing into the stack for thread: 0x000001f5b31d6db0
stack at sp + 4 slots: 0x00007ffede35201e jvm.dll
stack at sp + 5 slots: 0x000001f500000000 is an unknown value
stack at sp + 6 slots: 0x00000000000000b2 is an unknown value
stack at sp + 7 slots: 0x000000ebdcbfecf0 is pointing into the stack for thread: 0x000001f5b31d6db0


---------------  P R O C E S S  ---------------

Threads class SMR info:
_java_thread_list=0x000001f5b32ebed0, length=14, elements={
0x000001f5944b44c0, 0x000001f5b26feb40, 0x000001f5b26ffeb0, 0x000001f5b2717a30,
0x000001f5b271aba0, 0x000001f5b271ee10, 0x000001f5b2723940, 0x000001f5b2726b90,
0x000001f5b272fd50, 0x000001f5b26df9e0, 0x000001f5b31d6db0, 0x000001f5b31d7a60,
0x000001f5b31d7f50, 0x000001f5b3320ff0
}

Java Threads: ( => current thread )
  0x000001f5944b44c0 JavaThread "main" [_thread_blocked, id=7032, stack(0x000000ebdbb00000,0x000000ebdbc00000)]
  0x000001f5b26feb40 JavaThread "Reference Handler" daemon [_thread_blocked, id=2292, stack(0x000000ebdc200000,0x000000ebdc300000)]
  0x000001f5b26ffeb0 JavaThread "Finalizer" daemon [_thread_blocked, id=9508, stack(0x000000ebdc300000,0x000000ebdc400000)]
  0x000001f5b2717a30 JavaThread "Signal Dispatcher" daemon [_thread_blocked, id=5188, stack(0x000000ebdc400000,0x000000ebdc500000)]
  0x000001f5b271aba0 JavaThread "Attach Listener" daemon [_thread_blocked, id=1996, stack(0x000000ebdc500000,0x000000ebdc600000)]
  0x000001f5b271ee10 JavaThread "Service Thread" daemon [_thread_blocked, id=12512, stack(0x000000ebdc600000,0x000000ebdc700000)]
  0x000001f5b2723940 JavaThread "C2 CompilerThread0" daemon [_thread_blocked, id=9036, stack(0x000000ebdc700000,0x000000ebdc800000)]
  0x000001f5b2726b90 JavaThread "C1 CompilerThread0" daemon [_thread_blocked, id=11468, stack(0x000000ebdc800000,0x000000ebdc900000)]
  0x000001f5b272fd50 JavaThread "Sweeper thread" daemon [_thread_blocked, id=7380, stack(0x000000ebdc900000,0x000000ebdca00000)]
  0x000001f5b26df9e0 JavaThread "Common-Cleaner" daemon [_thread_blocked, id=10756, stack(0x000000ebdca00000,0x000000ebdcb00000)]
=>0x000001f5b31d6db0 JavaThread "JDWP Transport Listener: dt_socket" daemon [_thread_in_vm, id=9396, stack(0x000000ebdcb00000,0x000000ebdcc00000)]
  0x000001f5b31d7a60 JavaThread "JDWP Event Helper Thread" daemon [_thread_blocked, id=12112, stack(0x000000ebdcc00000,0x000000ebdcd00000)]
  0x000001f5b31d7f50 JavaThread "JDWP Command Reader" daemon [_thread_in_native, id=2252, stack(0x000000ebdcd00000,0x000000ebdce00000)]
  0x000001f5b3320ff0 JavaThread "Notification Thread" daemon [_thread_blocked, id=10588, stack(0x000000ebdcf00000,0x000000ebdd000000)]

Other Threads:
  0x000001f5b26fab10 VMThread "VM Thread" [stack: 0x000000ebdc100000,0x000000ebdc200000] [id=5316]
  0x000001f5b332a8c0 WatcherThread [stack: 0x000000ebdd000000,0x000000ebdd100000] [id=10236]
  0x000001f5944f3590 GCTaskThread "GC Thread#0" [stack: 0x000000ebdbc00000,0x000000ebdbd00000] [id=6648]
  0x000001f594504c00 ConcurrentGCThread "G1 Main Marker" [stack: 0x000000ebdbd00000,0x000000ebdbe00000] [id=8080]
  0x000001f5945057f0 ConcurrentGCThread "G1 Conc#0" [stack: 0x000000ebdbe00000,0x000000ebdbf00000] [id=7152]
  0x000001f59457f4e0 ConcurrentGCThread "G1 Refine#0" [stack: 0x000000ebdbf00000,0x000000ebdc000000] [id=1328]
  0x000001f5945800e0 ConcurrentGCThread "G1 Young RemSet Sampling" [stack: 0x000000ebdc000000,0x000000ebdc100000] [id=8836]

Threads with active compile tasks:

VM state: not at safepoint (normal execution)

VM Mutex/Monitor currently owned by a thread: None

Heap address: 0x0000000081400000, size: 2028 MB, Compressed Oops mode: 32-bit
CDS archive(s) mapped at: [0x0000000800000000-0x0000000800b50000-0x0000000800b50000), size 11862016, SharedBaseAddress: 0x0000000800000000, ArchiveRelocationMode: 0.
Compressed class space mapped at: 0x0000000800b50000-0x0000000840b50000, size: 1073741824
Narrow klass base: 0x0000000800000000, Narrow klass shift: 3, Narrow klass range: 0x100000000

GC Precious Log:
 CPUs: 4 total, 4 available
 Memory: 8108M
 Large Page Support: Disabled
 NUMA Support: Disabled
 Compressed Oops: Enabled (32-bit)
 Heap Region Size: 1M
 Heap Min Capacity: 8M
 Heap Initial Capacity: 128M
 Heap Max Capacity: 2028M
 Pre-touch: Disabled
 Parallel Workers: 4
 Concurrent Workers: 1
 Concurrent Refinement Workers: 4
 Periodic GC: Disabled

Heap:
 garbage-first heap   total 131072K, used 5120K [0x0000000081400000, 0x0000000100000000)
  region size 1024K, 6 young (6144K), 0 survivors (0K)
 Metaspace       used 3008K, capacity 4944K, committed 5120K, reserved 1056768K
  class space    used 279K, capacity 431K, committed 512K, reserved 1048576K

Heap Regions: E=young(eden), S=young(survivor), O=old, HS=humongous(starts), HC=humongous(continues), CS=collection set, F=free, OA=open archive, CA=closed archive, TAMS=top-at-mark-start (previous, next)
|   0|0x0000000081400000, 0x0000000081400000, 0x0000000081500000|  0%| F|  |TAMS 0x0000000081400000, 0x0000000081400000| Untracked 
|   1|0x0000000081500000, 0x0000000081500000, 0x0000000081600000|  0%| F|  |TAMS 0x0000000081500000, 0x0000000081500000| Untracked 
|   2|0x0000000081600000, 0x0000000081600000, 0x0000000081700000|  0%| F|  |TAMS 0x0000000081600000, 0x0000000081600000| Untracked 
|   3|0x0000000081700000, 0x0000000081700000, 0x0000000081800000|  0%| F|  |TAMS 0x0000000081700000, 0x0000000081700000| Untracked 
|   4|0x0000000081800000, 0x0000000081800000, 0x0000000081900000|  0%| F|  |TAMS 0x0000000081800000, 0x0000000081800000| Untracked 
|   5|0x0000000081900000, 0x0000000081900000, 0x0000000081a00000|  0%| F|  |TAMS 0x0000000081900000, 0x0000000081900000| Untracked 
|   6|0x0000000081a00000, 0x0000000081a00000, 0x0000000081b00000|  0%| F|  |TAMS 0x0000000081a00000, 0x0000000081a00000| Untracked 
|   7|0x0000000081b00000, 0x0000000081b00000, 0x0000000081c00000|  0%| F|  |TAMS 0x0000000081b00000, 0x0000000081b00000| Untracked 
|   8|0x0000000081c00000, 0x0000000081c00000, 0x0000000081d00000|  0%| F|  |TAMS 0x0000000081c00000, 0x0000000081c00000| Untracked 
|   9|0x0000000081d00000, 0x0000000081d00000, 0x0000000081e00000|  0%| F|  |TAMS 0x0000000081d00000, 0x0000000081d00000| Untracked 
|  10|0x0000000081e00000, 0x0000000081e00000, 0x0000000081f00000|  0%| F|  |TAMS 0x0000000081e00000, 0x0000000081e00000| Untracked 
|  11|0x0000000081f00000, 0x0000000081f00000, 0x0000000082000000|  0%| F|  |TAMS 0x0000000081f00000, 0x0000000081f00000| Untracked 
|  12|0x0000000082000000, 0x0000000082000000, 0x0000000082100000|  0%| F|  |TAMS 0x0000000082000000, 0x0000000082000000| Untracked 
|  13|0x0000000082100000, 0x0000000082100000, 0x0000000082200000|  0%| F|  |TAMS 0x0000000082100000, 0x0000000082100000| Untracked 
|  14|0x0000000082200000, 0x0000000082200000, 0x0000000082300000|  0%| F|  |TAMS 0x0000000082200000, 0x0000000082200000| Untracked 
|  15|0x0000000082300000, 0x0000000082300000, 0x0000000082400000|  0%| F|  |TAMS 0x0000000082300000, 0x0000000082300000| Untracked 
|  16|0x0000000082400000, 0x0000000082400000, 0x0000000082500000|  0%| F|  |TAMS 0x0000000082400000, 0x0000000082400000| Untracked 
|  17|0x0000000082500000, 0x0000000082500000, 0x0000000082600000|  0%| F|  |TAMS 0x0000000082500000, 0x0000000082500000| Untracked 
|  18|0x0000000082600000, 0x0000000082600000, 0x0000000082700000|  0%| F|  |TAMS 0x0000000082600000, 0x0000000082600000| Untracked 
|  19|0x0000000082700000, 0x0000000082700000, 0x0000000082800000|  0%| F|  |TAMS 0x0000000082700000, 0x0000000082700000| Untracked 
|  20|0x0000000082800000, 0x0000000082800000, 0x0000000082900000|  0%| F|  |TAMS 0x0000000082800000, 0x0000000082800000| Untracked 
|  21|0x0000000082900000, 0x0000000082900000, 0x0000000082a00000|  0%| F|  |TAMS 0x0000000082900000, 0x0000000082900000| Untracked 
|  22|0x0000000082a00000, 0x0000000082a00000, 0x0000000082b00000|  0%| F|  |TAMS 0x0000000082a00000, 0x0000000082a00000| Untracked 
|  23|0x0000000082b00000, 0x0000000082b00000, 0x0000000082c00000|  0%| F|  |TAMS 0x0000000082b00000, 0x0000000082b00000| Untracked 
|  24|0x0000000082c00000, 0x0000000082c00000, 0x0000000082d00000|  0%| F|  |TAMS 0x0000000082c00000, 0x0000000082c00000| Untracked 
|  25|0x0000000082d00000, 0x0000000082d00000, 0x0000000082e00000|  0%| F|  |TAMS 0x0000000082d00000, 0x0000000082d00000| Untracked 
|  26|0x0000000082e00000, 0x0000000082e00000, 0x0000000082f00000|  0%| F|  |TAMS 0x0000000082e00000, 0x0000000082e00000| Untracked 
|  27|0x0000000082f00000, 0x0000000082f00000, 0x0000000083000000|  0%| F|  |TAMS 0x0000000082f00000, 0x0000000082f00000| Untracked 
|  28|0x0000000083000000, 0x0000000083000000, 0x0000000083100000|  0%| F|  |TAMS 0x0000000083000000, 0x0000000083000000| Untracked 
|  29|0x0000000083100000, 0x0000000083100000, 0x0000000083200000|  0%| F|  |TAMS 0x0000000083100000, 0x0000000083100000| Untracked 
|  30|0x0000000083200000, 0x0000000083200000, 0x0000000083300000|  0%| F|  |TAMS 0x0000000083200000, 0x0000000083200000| Untracked 
|  31|0x0000000083300000, 0x0000000083300000, 0x0000000083400000|  0%| F|  |TAMS 0x0000000083300000, 0x0000000083300000| Untracked 
|  32|0x0000000083400000, 0x0000000083400000, 0x0000000083500000|  0%| F|  |TAMS 0x0000000083400000, 0x0000000083400000| Untracked 
|  33|0x0000000083500000, 0x0000000083500000, 0x0000000083600000|  0%| F|  |TAMS 0x0000000083500000, 0x0000000083500000| Untracked 
|  34|0x0000000083600000, 0x0000000083600000, 0x0000000083700000|  0%| F|  |TAMS 0x0000000083600000, 0x0000000083600000| Untracked 
|  35|0x0000000083700000, 0x0000000083700000, 0x0000000083800000|  0%| F|  |TAMS 0x0000000083700000, 0x0000000083700000| Untracked 
|  36|0x0000000083800000, 0x0000000083800000, 0x0000000083900000|  0%| F|  |TAMS 0x0000000083800000, 0x0000000083800000| Untracked 
|  37|0x0000000083900000, 0x0000000083900000, 0x0000000083a00000|  0%| F|  |TAMS 0x0000000083900000, 0x0000000083900000| Untracked 
|  38|0x0000000083a00000, 0x0000000083a00000, 0x0000000083b00000|  0%| F|  |TAMS 0x0000000083a00000, 0x0000000083a00000| Untracked 
|  39|0x0000000083b00000, 0x0000000083b00000, 0x0000000083c00000|  0%| F|  |TAMS 0x0000000083b00000, 0x0000000083b00000| Untracked 
|  40|0x0000000083c00000, 0x0000000083c00000, 0x0000000083d00000|  0%| F|  |TAMS 0x0000000083c00000, 0x0000000083c00000| Untracked 
|  41|0x0000000083d00000, 0x0000000083d00000, 0x0000000083e00000|  0%| F|  |TAMS 0x0000000083d00000, 0x0000000083d00000| Untracked 
|  42|0x0000000083e00000, 0x0000000083e00000, 0x0000000083f00000|  0%| F|  |TAMS 0x0000000083e00000, 0x0000000083e00000| Untracked 
|  43|0x0000000083f00000, 0x0000000083f00000, 0x0000000084000000|  0%| F|  |TAMS 0x0000000083f00000, 0x0000000083f00000| Untracked 
|  44|0x0000000084000000, 0x0000000084000000, 0x0000000084100000|  0%| F|  |TAMS 0x0000000084000000, 0x0000000084000000| Untracked 
|  45|0x0000000084100000, 0x0000000084100000, 0x0000000084200000|  0%| F|  |TAMS 0x0000000084100000, 0x0000000084100000| Untracked 
|  46|0x0000000084200000, 0x0000000084200000, 0x0000000084300000|  0%| F|  |TAMS 0x0000000084200000, 0x0000000084200000| Untracked 
|  47|0x0000000084300000, 0x0000000084300000, 0x0000000084400000|  0%| F|  |TAMS 0x0000000084300000, 0x0000000084300000| Untracked 
|  48|0x0000000084400000, 0x0000000084400000, 0x0000000084500000|  0%| F|  |TAMS 0x0000000084400000, 0x0000000084400000| Untracked 
|  49|0x0000000084500000, 0x0000000084500000, 0x0000000084600000|  0%| F|  |TAMS 0x0000000084500000, 0x0000000084500000| Untracked 
|  50|0x0000000084600000, 0x0000000084600000, 0x0000000084700000|  0%| F|  |TAMS 0x0000000084600000, 0x0000000084600000| Untracked 
|  51|0x0000000084700000, 0x0000000084700000, 0x0000000084800000|  0%| F|  |TAMS 0x0000000084700000, 0x0000000084700000| Untracked 
|  52|0x0000000084800000, 0x0000000084800000, 0x0000000084900000|  0%| F|  |TAMS 0x0000000084800000, 0x0000000084800000| Untracked 
|  53|0x0000000084900000, 0x0000000084900000, 0x0000000084a00000|  0%| F|  |TAMS 0x0000000084900000, 0x0000000084900000| Untracked 
|  54|0x0000000084a00000, 0x0000000084a00000, 0x0000000084b00000|  0%| F|  |TAMS 0x0000000084a00000, 0x0000000084a00000| Untracked 
|  55|0x0000000084b00000, 0x0000000084b00000, 0x0000000084c00000|  0%| F|  |TAMS 0x0000000084b00000, 0x0000000084b00000| Untracked 
|  56|0x0000000084c00000, 0x0000000084c00000, 0x0000000084d00000|  0%| F|  |TAMS 0x0000000084c00000, 0x0000000084c00000| Untracked 
|  57|0x0000000084d00000, 0x0000000084d00000, 0x0000000084e00000|  0%| F|  |TAMS 0x0000000084d00000, 0x0000000084d00000| Untracked 
|  58|0x0000000084e00000, 0x0000000084e00000, 0x0000000084f00000|  0%| F|  |TAMS 0x0000000084e00000, 0x0000000084e00000| Untracked 
|  59|0x0000000084f00000, 0x0000000084f00000, 0x0000000085000000|  0%| F|  |TAMS 0x0000000084f00000, 0x0000000084f00000| Untracked 
|  60|0x0000000085000000, 0x0000000085000000, 0x0000000085100000|  0%| F|  |TAMS 0x0000000085000000, 0x0000000085000000| Untracked 
|  61|0x0000000085100000, 0x0000000085100000, 0x0000000085200000|  0%| F|  |TAMS 0x0000000085100000, 0x0000000085100000| Untracked 
|  62|0x0000000085200000, 0x0000000085200000, 0x0000000085300000|  0%| F|  |TAMS 0x0000000085200000, 0x0000000085200000| Untracked 
|  63|0x0000000085300000, 0x0000000085300000, 0x0000000085400000|  0%| F|  |TAMS 0x0000000085300000, 0x0000000085300000| Untracked 
|  64|0x0000000085400000, 0x0000000085400000, 0x0000000085500000|  0%| F|  |TAMS 0x0000000085400000, 0x0000000085400000| Untracked 
|  65|0x0000000085500000, 0x0000000085500000, 0x0000000085600000|  0%| F|  |TAMS 0x0000000085500000, 0x0000000085500000| Untracked 
|  66|0x0000000085600000, 0x0000000085600000, 0x0000000085700000|  0%| F|  |TAMS 0x0000000085600000, 0x0000000085600000| Untracked 
|  67|0x0000000085700000, 0x0000000085700000, 0x0000000085800000|  0%| F|  |TAMS 0x0000000085700000, 0x0000000085700000| Untracked 
|  68|0x0000000085800000, 0x0000000085800000, 0x0000000085900000|  0%| F|  |TAMS 0x0000000085800000, 0x0000000085800000| Untracked 
|  69|0x0000000085900000, 0x0000000085900000, 0x0000000085a00000|  0%| F|  |TAMS 0x0000000085900000, 0x0000000085900000| Untracked 
|  70|0x0000000085a00000, 0x0000000085a00000, 0x0000000085b00000|  0%| F|  |TAMS 0x0000000085a00000, 0x0000000085a00000| Untracked 
|  71|0x0000000085b00000, 0x0000000085b00000, 0x0000000085c00000|  0%| F|  |TAMS 0x0000000085b00000, 0x0000000085b00000| Untracked 
|  72|0x0000000085c00000, 0x0000000085c00000, 0x0000000085d00000|  0%| F|  |TAMS 0x0000000085c00000, 0x0000000085c00000| Untracked 
|  73|0x0000000085d00000, 0x0000000085d00000, 0x0000000085e00000|  0%| F|  |TAMS 0x0000000085d00000, 0x0000000085d00000| Untracked 
|  74|0x0000000085e00000, 0x0000000085e00000, 0x0000000085f00000|  0%| F|  |TAMS 0x0000000085e00000, 0x0000000085e00000| Untracked 
|  75|0x0000000085f00000, 0x0000000085f00000, 0x0000000086000000|  0%| F|  |TAMS 0x0000000085f00000, 0x0000000085f00000| Untracked 
|  76|0x0000000086000000, 0x0000000086000000, 0x0000000086100000|  0%| F|  |TAMS 0x0000000086000000, 0x0000000086000000| Untracked 
|  77|0x0000000086100000, 0x0000000086100000, 0x0000000086200000|  0%| F|  |TAMS 0x0000000086100000, 0x0000000086100000| Untracked 
|  78|0x0000000086200000, 0x0000000086200000, 0x0000000086300000|  0%| F|  |TAMS 0x0000000086200000, 0x0000000086200000| Untracked 
|  79|0x0000000086300000, 0x0000000086300000, 0x0000000086400000|  0%| F|  |TAMS 0x0000000086300000, 0x0000000086300000| Untracked 
|  80|0x0000000086400000, 0x0000000086400000, 0x0000000086500000|  0%| F|  |TAMS 0x0000000086400000, 0x0000000086400000| Untracked 
|  81|0x0000000086500000, 0x0000000086500000, 0x0000000086600000|  0%| F|  |TAMS 0x0000000086500000, 0x0000000086500000| Untracked 
|  82|0x0000000086600000, 0x0000000086600000, 0x0000000086700000|  0%| F|  |TAMS 0x0000000086600000, 0x0000000086600000| Untracked 
|  83|0x0000000086700000, 0x0000000086700000, 0x0000000086800000|  0%| F|  |TAMS 0x0000000086700000, 0x0000000086700000| Untracked 
|  84|0x0000000086800000, 0x0000000086800000, 0x0000000086900000|  0%| F|  |TAMS 0x0000000086800000, 0x0000000086800000| Untracked 
|  85|0x0000000086900000, 0x0000000086900000, 0x0000000086a00000|  0%| F|  |TAMS 0x0000000086900000, 0x0000000086900000| Untracked 
|  86|0x0000000086a00000, 0x0000000086a00000, 0x0000000086b00000|  0%| F|  |TAMS 0x0000000086a00000, 0x0000000086a00000| Untracked 
|  87|0x0000000086b00000, 0x0000000086b00000, 0x0000000086c00000|  0%| F|  |TAMS 0x0000000086b00000, 0x0000000086b00000| Untracked 
|  88|0x0000000086c00000, 0x0000000086c00000, 0x0000000086d00000|  0%| F|  |TAMS 0x0000000086c00000, 0x0000000086c00000| Untracked 
|  89|0x0000000086d00000, 0x0000000086d00000, 0x0000000086e00000|  0%| F|  |TAMS 0x0000000086d00000, 0x0000000086d00000| Untracked 
|  90|0x0000000086e00000, 0x0000000086e00000, 0x0000000086f00000|  0%| F|  |TAMS 0x0000000086e00000, 0x0000000086e00000| Untracked 
|  91|0x0000000086f00000, 0x0000000086f00000, 0x0000000087000000|  0%| F|  |TAMS 0x0000000086f00000, 0x0000000086f00000| Untracked 
|  92|0x0000000087000000, 0x0000000087000000, 0x0000000087100000|  0%| F|  |TAMS 0x0000000087000000, 0x0000000087000000| Untracked 
|  93|0x0000000087100000, 0x0000000087100000, 0x0000000087200000|  0%| F|  |TAMS 0x0000000087100000, 0x0000000087100000| Untracked 
|  94|0x0000000087200000, 0x0000000087200000, 0x0000000087300000|  0%| F|  |TAMS 0x0000000087200000, 0x0000000087200000| Untracked 
|  95|0x0000000087300000, 0x0000000087300000, 0x0000000087400000|  0%| F|  |TAMS 0x0000000087300000, 0x0000000087300000| Untracked 
|  96|0x0000000087400000, 0x0000000087400000, 0x0000000087500000|  0%| F|  |TAMS 0x0000000087400000, 0x0000000087400000| Untracked 
|  97|0x0000000087500000, 0x0000000087500000, 0x0000000087600000|  0%| F|  |TAMS 0x0000000087500000, 0x0000000087500000| Untracked 
|  98|0x0000000087600000, 0x0000000087600000, 0x0000000087700000|  0%| F|  |TAMS 0x0000000087600000, 0x0000000087600000| Untracked 
|  99|0x0000000087700000, 0x0000000087700000, 0x0000000087800000|  0%| F|  |TAMS 0x0000000087700000, 0x0000000087700000| Untracked 
| 100|0x0000000087800000, 0x0000000087800000, 0x0000000087900000|  0%| F|  |TAMS 0x0000000087800000, 0x0000000087800000| Untracked 
| 101|0x0000000087900000, 0x0000000087900000, 0x0000000087a00000|  0%| F|  |TAMS 0x0000000087900000, 0x0000000087900000| Untracked 
| 102|0x0000000087a00000, 0x0000000087a00000, 0x0000000087b00000|  0%| F|  |TAMS 0x0000000087a00000, 0x0000000087a00000| Untracked 
| 103|0x0000000087b00000, 0x0000000087b00000, 0x0000000087c00000|  0%| F|  |TAMS 0x0000000087b00000, 0x0000000087b00000| Untracked 
| 104|0x0000000087c00000, 0x0000000087c00000, 0x0000000087d00000|  0%| F|  |TAMS 0x0000000087c00000, 0x0000000087c00000| Untracked 
| 105|0x0000000087d00000, 0x0000000087d00000, 0x0000000087e00000|  0%| F|  |TAMS 0x0000000087d00000, 0x0000000087d00000| Untracked 
| 106|0x0000000087e00000, 0x0000000087e00000, 0x0000000087f00000|  0%| F|  |TAMS 0x0000000087e00000, 0x0000000087e00000| Untracked 
| 107|0x0000000087f00000, 0x0000000087f00000, 0x0000000088000000|  0%| F|  |TAMS 0x0000000087f00000, 0x0000000087f00000| Untracked 
| 108|0x0000000088000000, 0x0000000088000000, 0x0000000088100000|  0%| F|  |TAMS 0x0000000088000000, 0x0000000088000000| Untracked 
| 109|0x0000000088100000, 0x0000000088100000, 0x0000000088200000|  0%| F|  |TAMS 0x0000000088100000, 0x0000000088100000| Untracked 
| 110|0x0000000088200000, 0x0000000088200000, 0x0000000088300000|  0%| F|  |TAMS 0x0000000088200000, 0x0000000088200000| Untracked 
| 111|0x0000000088300000, 0x0000000088300000, 0x0000000088400000|  0%| F|  |TAMS 0x0000000088300000, 0x0000000088300000| Untracked 
| 112|0x0000000088400000, 0x0000000088400000, 0x0000000088500000|  0%| F|  |TAMS 0x0000000088400000, 0x0000000088400000| Untracked 
| 113|0x0000000088500000, 0x0000000088500000, 0x0000000088600000|  0%| F|  |TAMS 0x0000000088500000, 0x0000000088500000| Untracked 
| 114|0x0000000088600000, 0x0000000088600000, 0x0000000088700000|  0%| F|  |TAMS 0x0000000088600000, 0x0000000088600000| Untracked 
| 115|0x0000000088700000, 0x0000000088700000, 0x0000000088800000|  0%| F|  |TAMS 0x0000000088700000, 0x0000000088700000| Untracked 
| 116|0x0000000088800000, 0x0000000088800000, 0x0000000088900000|  0%| F|  |TAMS 0x0000000088800000, 0x0000000088800000| Untracked 
| 117|0x0000000088900000, 0x0000000088900000, 0x0000000088a00000|  0%| F|  |TAMS 0x0000000088900000, 0x0000000088900000| Untracked 
| 118|0x0000000088a00000, 0x0000000088a00000, 0x0000000088b00000|  0%| F|  |TAMS 0x0000000088a00000, 0x0000000088a00000| Untracked 
| 119|0x0000000088b00000, 0x0000000088b00000, 0x0000000088c00000|  0%| F|  |TAMS 0x0000000088b00000, 0x0000000088b00000| Untracked 
| 120|0x0000000088c00000, 0x0000000088c00000, 0x0000000088d00000|  0%| F|  |TAMS 0x0000000088c00000, 0x0000000088c00000| Untracked 
| 121|0x0000000088d00000, 0x0000000088d00000, 0x0000000088e00000|  0%| F|  |TAMS 0x0000000088d00000, 0x0000000088d00000| Untracked 
| 122|0x0000000088e00000, 0x0000000088f00000, 0x0000000088f00000|100%| E|  |TAMS 0x0000000088e00000, 0x0000000088e00000| Complete 
| 123|0x0000000088f00000, 0x0000000089000000, 0x0000000089000000|100%| E|CS|TAMS 0x0000000088f00000, 0x0000000088f00000| Complete 
| 124|0x0000000089000000, 0x0000000089100000, 0x0000000089100000|100%| E|CS|TAMS 0x0000000089000000, 0x0000000089000000| Complete 
| 125|0x0000000089100000, 0x0000000089200000, 0x0000000089200000|100%| E|CS|TAMS 0x0000000089100000, 0x0000000089100000| Complete 
| 126|0x0000000089200000, 0x0000000089300000, 0x0000000089300000|100%| E|CS|TAMS 0x0000000089200000, 0x0000000089200000| Complete 
| 127|0x0000000089300000, 0x0000000089400000, 0x0000000089400000|100%| E|CS|TAMS 0x0000000089300000, 0x0000000089300000| Complete 

Card table byte_map: [0x000001f5abaf0000,0x000001f5abef0000] _byte_map_base: 0x000001f5ab6e6000

Marking Bits (Prev, Next): (CMBitMap*) 0x000001f5944f3d80, (CMBitMap*) 0x000001f5944f3dc0
 Prev Bits: [0x000001f5ac2f0000, 0x000001f5ae2a0000)
 Next Bits: [0x000001f5ae2a0000, 0x000001f5b0250000)

Polling page: 0x000001f592410000

Metaspace:

Usage:
  Non-class:      4.41 MB capacity,     2.66 MB ( 60%) used,     1.74 MB ( 40%) free+waste,     1.38 KB ( <1%) overhead. 
      Class:    431.00 KB capacity,   279.74 KB ( 65%) used,   150.51 KB ( 35%) free+waste,   768 bytes ( <1%) overhead. 
       Both:      4.83 MB capacity,     2.94 MB ( 61%) used,     1.89 MB ( 39%) free+waste,     2.12 KB ( <1%) overhead. 

Virtual space:
  Non-class space:        8.00 MB reserved,       4.50 MB ( 56%) committed 
      Class space:        1.00 GB reserved,     512.00 KB ( <1%) committed 
             Both:        1.01 GB reserved,       5.00 MB ( <1%) committed 

Chunk freelists:
   Non-Class:  31.00 KB
       Class:  17.00 KB
        Both:  48.00 KB

MaxMetaspaceSize: 17179869184.00 GB
CompressedClassSpaceSize: 1.00 GB

CodeHeap 'non-profiled nmethods': size=120000Kb used=146Kb max_used=146Kb free=119853Kb
 bounds [0x000001f5a41c0000, 0x000001f5a4430000, 0x000001f5ab6f0000]
CodeHeap 'profiled nmethods': size=120000Kb used=654Kb max_used=654Kb free=119345Kb
 bounds [0x000001f59cc90000, 0x000001f59cf00000, 0x000001f5a41c0000]
CodeHeap 'non-nmethods': size=5760Kb used=1233Kb max_used=1248Kb free=4526Kb
 bounds [0x000001f59c6f0000, 0x000001f59c960000, 0x000001f59cc90000]
 total_blobs=874 nmethods=477 adapters=310
 compilation: enabled
              stopped_count=0, restarted_count=0
 full_count=0

Compilation events (20 events):
Event: 0.469 Thread 0x000001f5b2726b90  471       3       jdk.internal.org.objectweb.asm.SymbolTable::addConstantUtf8Reference (101 bytes)
Event: 0.469 Thread 0x000001f5b2726b90 nmethod 471 0x000001f59cd31b90 code [0x000001f59cd31da0, 0x000001f59cd32378]
Event: 0.469 Thread 0x000001f5b2726b90  472       3       java.lang.StringUTF16::getChar (60 bytes)
Event: 0.470 Thread 0x000001f5b2726b90 nmethod 472 0x000001f59cd32690 code [0x000001f59cd32820, 0x000001f59cd32978]
Event: 0.470 Thread 0x000001f5b2726b90  470       3       jdk.internal.org.objectweb.asm.SymbolTable::addConstantClass (8 bytes)
Event: 0.470 Thread 0x000001f5b2726b90 nmethod 470 0x000001f59cd32a90 code [0x000001f59cd32c40, 0x000001f59cd32d88]
Event: 0.470 Thread 0x000001f5b2723940  473       4       java.lang.StringUTF16::getChar (60 bytes)
Event: 0.471 Thread 0x000001f5b2723940 nmethod 473 0x000001f5a41e4010 code [0x000001f5a41e4180, 0x000001f5a41e4258]
Event: 0.472 Thread 0x000001f5b331af60  474       4       java.lang.String::coder (15 bytes)
Event: 0.472 Thread 0x000001f5b331af60 nmethod 474 0x000001f5a41e4310 code [0x000001f5a41e4480, 0x000001f5a41e44f8]
Event: 5.692 Thread 0x000001f5b2726b90  475       1       java.nio.Buffer::position (5 bytes)
Event: 5.692 Thread 0x000001f5b2726b90 nmethod 475 0x000001f5a41e4610 code [0x000001f5a41e47a0, 0x000001f5a41e4858]
Event: 5.692 Thread 0x000001f5b2726b90  476       3       java.lang.Character::isWhitespace (9 bytes)
Event: 5.693 Thread 0x000001f5b2726b90 nmethod 476 0x000001f59cd32e10 code [0x000001f59cd32fc0, 0x000001f59cd331b8]
Event: 2501.730 Thread 0x000001f5b2723940  477       4       java.lang.AbstractStringBuilder::ensureCapacityInternal (39 bytes)
Event: 2501.730 Thread 0x000001f5b2726b90  478       3       org.eclipse.jdt.launching.internal.org.objectweb.asm.SymbolTable::addConstantUtf8Reference (20 bytes)
Event: 2501.731 Thread 0x000001f5b2726b90 nmethod 478 0x000001f59cd33290 code [0x000001f59cd33460, 0x000001f59cd33728]
Event: 2501.737 Thread 0x000001f5b2723940 

Event: 2630.873 Thread 0x000001f5b2723940  479       4       org.eclipse.jdt.launching.internal.org.objectweb.asm.ClassReader::getItem (7 bytes)
Event: 2630.876 Thread 0x000001f5b2723940 


GC Heap History (0 events):
No events

Deoptimization events (20 events):
Event: 0.423 Thread 0x000001f5944b44c0 DEOPT PACKING pc=0x000001f59cd051e1 sp=0x000000ebdbbf8120
Event: 0.423 Thread 0x000001f5944b44c0 DEOPT UNPACKING pc=0x000001f59c73e23f sp=0x000000ebdbbf75e8 mode 0
Event: 0.424 Thread 0x000001f5944b44c0 DEOPT PACKING pc=0x000001f59cd051e1 sp=0x000000ebdbbfbbb0
Event: 0.424 Thread 0x000001f5944b44c0 DEOPT UNPACKING pc=0x000001f59c73e23f sp=0x000000ebdbbfb078 mode 0
Event: 0.444 Thread 0x000001f5944b44c0 Uncommon trap: trap_request=0xffffff45 fr.pc=0x000001f5a41ce2f8 relative=0x00000000000000d8
Event: 0.444 Thread 0x000001f5944b44c0 Uncommon trap: reason=unstable_if action=reinterpret pc=0x000001f5a41ce2f8 method=java.lang.String.isLatin1()Z @ 10 c2
Event: 0.444 Thread 0x000001f5944b44c0 DEOPT PACKING pc=0x000001f5a41ce2f8 sp=0x000000ebdbbff0d0
Event: 0.444 Thread 0x000001f5944b44c0 DEOPT UNPACKING pc=0x000001f59c73e42f sp=0x000000ebdbbff020 mode 2
Event: 0.464 Thread 0x000001f5944b44c0 Uncommon trap: trap_request=0xffffff45 fr.pc=0x000001f5a41c9cf4 relative=0x0000000000000254
Event: 0.464 Thread 0x000001f5944b44c0 Uncommon trap: reason=unstable_if action=reinterpret pc=0x000001f5a41c9cf4 method=java.lang.String.isLatin1()Z @ 10 c2
Event: 0.464 Thread 0x000001f5944b44c0 DEOPT PACKING pc=0x000001f5a41c9cf4 sp=0x000000ebdbbfcb90
Event: 0.464 Thread 0x000001f5944b44c0 DEOPT UNPACKING pc=0x000001f59c73e42f sp=0x000000ebdbbfcac8 mode 2
Event: 0.464 Thread 0x000001f5944b44c0 Uncommon trap: trap_request=0xffffff45 fr.pc=0x000001f5a41d025c relative=0x000000000000005c
Event: 0.464 Thread 0x000001f5944b44c0 Uncommon trap: reason=unstable_if action=reinterpret pc=0x000001f5a41d025c method=java.lang.String.isLatin1()Z @ 10 c2
Event: 0.464 Thread 0x000001f5944b44c0 DEOPT PACKING pc=0x000001f5a41d025c sp=0x000000ebdbbfcb20
Event: 0.464 Thread 0x000001f5944b44c0 DEOPT UNPACKING pc=0x000001f59c73e42f sp=0x000000ebdbbfcac0 mode 2
Event: 0.469 Thread 0x000001f5944b44c0 Uncommon trap: trap_request=0xffffff45 fr.pc=0x000001f5a41d3244 relative=0x0000000000000044
Event: 0.469 Thread 0x000001f5944b44c0 Uncommon trap: reason=unstable_if action=reinterpret pc=0x000001f5a41d3244 method=java.lang.CharacterData.of(I)Ljava/lang/CharacterData; @ 4 c2
Event: 0.469 Thread 0x000001f5944b44c0 DEOPT PACKING pc=0x000001f5a41d3244 sp=0x000000ebdbbfea50
Event: 0.469 Thread 0x000001f5944b44c0 DEOPT UNPACKING pc=0x000001f59c73e42f sp=0x000000ebdbbfe9f0 mode 2

Classes unloaded (0 events):
No events

Classes redefined (4 events):
Event: 2452.436 Thread 0x000001f5b26fab10 redefined class name=DomaciZadatakS7.Zadatak1S7, count=1
Event: 2494.823 Thread 0x000001f5b26fab10 redefined class name=DomaciZadatakS7.Zadatak1S7, count=2
Event: 2501.732 Thread 0x000001f5b26fab10 redefined class name=DomaciZadatakS7.Zadatak1S7, count=3
Event: 2630.874 Thread 0x000001f5b26fab10 redefined class name=DomaciZadatakS7.Zadatak1S7, count=4

Internal exceptions (3 events):
Event: 0.264 Thread 0x000001f5944b44c0 Exception <a 'java/lang/NoSuchMethodError'{0x0000000089121370}: 'void java.lang.invoke.DirectMethodHandle$Holder.invokeStatic(java.lang.Object, java.lang.Object)'> (0x0000000089121370) 
thrown [./open/src/hotspot/share/interpreter/linkResolver.cpp, line 782]
Event: 0.265 Thread 0x000001f5944b44c0 Exception <a 'java/lang/NoSuchMethodError'{0x0000000089125018}: 'void java.lang.invoke.DirectMethodHandle$Holder.invokeStaticInit(java.lang.Object, java.lang.Object)'> (0x0000000089125018) 
thrown [./open/src/hotspot/share/interpreter/linkResolver.cpp, line 782]
Event: 0.383 Thread 0x000001f5944b44c0 Exception <a 'java/lang/NoSuchMethodError'{0x00000000890c0fc0}: 'java.lang.Object java.lang.invoke.DirectMethodHandle$Holder.invokeStatic(java.lang.Object)'> (0x00000000890c0fc0) 
thrown [./open/src/hotspot/share/interpreter/linkResolver.cpp, line 782]

Events (20 events):
Event: 2501.740 Executing VM operation: GetFrameCount
Event: 2501.740 Executing VM operation: GetFrameCount done
Event: 2501.740 Executing VM operation: GetStackTrace
Event: 2501.740 Executing VM operation: GetStackTrace done
Event: 2501.770 Executing VM operation: GetFrameCount
Event: 2501.770 Executing VM operation: GetFrameCount done
Event: 2554.652 Executing VM operation: GetFrameCount
Event: 2554.652 Executing VM operation: GetFrameCount done
Event: 2554.652 Executing VM operation: GetStackTrace
Event: 2554.653 Executing VM operation: GetStackTrace done
Event: 2630.873 Executing VM operation: RedefineClasses
Event: 2630.875 Executing VM operation: RedefineClasses done
Event: 2630.880 Executing VM operation: ChangeBreakpoints
Event: 2630.880 Executing VM operation: ChangeBreakpoints done
Event: 2630.881 Executing VM operation: GetFrameCount
Event: 2630.882 Executing VM operation: GetFrameCount done
Event: 2630.882 Executing VM operation: GetStackTrace
Event: 2630.882 Executing VM operation: GetStackTrace done
Event: 2630.921 Executing VM operation: GetFrameCount
Event: 2630.921 Executing VM operation: GetFrameCount done


Dynamic libraries:
0x00007ff6c0940000 - 0x00007ff6c094f000 	C:\Program Files\Java\jdk-15.0.1\bin\javaw.exe
0x00007fff2fe10000 - 0x00007fff30006000 	C:\WINDOWS\SYSTEM32\ntdll.dll
0x00007fff2ee80000 - 0x00007fff2ef3d000 	C:\WINDOWS\System32\KERNEL32.DLL
0x00007fff2d790000 - 0x00007fff2da59000 	C:\WINDOWS\System32\KERNELBASE.dll
0x00007fff2dbb0000 - 0x00007fff2dcb0000 	C:\WINDOWS\System32\ucrtbase.dll
0x00007fff1bb90000 - 0x00007fff1bba9000 	C:\Program Files\Java\jdk-15.0.1\bin\VCRUNTIME140.dll
0x00007fff1e7c0000 - 0x00007fff1e7d8000 	C:\Program Files\Java\jdk-15.0.1\bin\jli.dll
0x00007fff2e670000 - 0x00007fff2e71c000 	C:\WINDOWS\System32\ADVAPI32.dll
0x00007fff2ede0000 - 0x00007fff2ee7e000 	C:\WINDOWS\System32\msvcrt.dll
0x00007fff2ea00000 - 0x00007fff2ea9c000 	C:\WINDOWS\System32\sechost.dll
0x00007fff2e720000 - 0x00007fff2e84b000 	C:\WINDOWS\System32\RPCRT4.dll
0x00007fff2e4d0000 - 0x00007fff2e670000 	C:\WINDOWS\System32\USER32.dll
0x00007fff2db30000 - 0x00007fff2db52000 	C:\WINDOWS\System32\win32u.dll
0x00007fff2fda0000 - 0x00007fff2fdca000 	C:\WINDOWS\System32\GDI32.dll
0x00007fff1b8e0000 - 0x00007fff1bb7b000 	C:\WINDOWS\WinSxS\amd64_microsoft.windows.common-controls_6595b64144ccf1df_6.0.19041.488_none_ca04af081b815d21\COMCTL32.dll
0x00007fff2d680000 - 0x00007fff2d789000 	C:\WINDOWS\System32\gdi32full.dll
0x00007fff2da90000 - 0x00007fff2db2d000 	C:\WINDOWS\System32\msvcp_win.dll
0x00007fff1f1c0000 - 0x00007fff1f1ca000 	C:\WINDOWS\SYSTEM32\VERSION.dll
0x00007fff2f050000 - 0x00007fff2f080000 	C:\WINDOWS\System32\IMM32.DLL
0x00007fff1aad0000 - 0x00007fff1aadc000 	C:\Program Files\Java\jdk-15.0.1\bin\vcruntime140_1.dll
0x00007ffef4bc0000 - 0x00007ffef4c51000 	C:\Program Files\Java\jdk-15.0.1\bin\msvcp140.dll
0x00007ffede250000 - 0x00007ffededae000 	C:\Program Files\Java\jdk-15.0.1\bin\server\jvm.dll
0x00007fff2f040000 - 0x00007fff2f048000 	C:\WINDOWS\System32\PSAPI.DLL
0x00007fff16bc0000 - 0x00007fff16bc9000 	C:\WINDOWS\SYSTEM32\WSOCK32.dll
0x00007fff1a580000 - 0x00007fff1a5a7000 	C:\WINDOWS\SYSTEM32\WINMM.dll
0x00007fff2eaa0000 - 0x00007fff2eb0b000 	C:\WINDOWS\System32\WS2_32.dll
0x00007fff2be30000 - 0x00007fff2be42000 	C:\WINDOWS\SYSTEM32\kernel.appcore.dll
0x00007fff1aac0000 - 0x00007fff1aaca000 	C:\Program Files\Java\jdk-15.0.1\bin\jimage.dll
0x00007fff2b3b0000 - 0x00007fff2b594000 	C:\WINDOWS\SYSTEM32\DBGHELP.DLL
0x00007fff0cba0000 - 0x00007fff0cbcc000 	C:\WINDOWS\SYSTEM32\dbgcore.DLL
0x00007fff2d600000 - 0x00007fff2d680000 	C:\WINDOWS\System32\bcryptPrimitives.dll
0x00007fff280d0000 - 0x00007fff28109000 	C:\Program Files\Java\jdk-15.0.1\bin\jdwp.dll
0x00007fff280c0000 - 0x00007fff280ce000 	C:\Program Files\Java\jdk-15.0.1\bin\instrument.dll
0x00007fff1aa90000 - 0x00007fff1aab5000 	C:\Program Files\Java\jdk-15.0.1\bin\java.dll
0x00007fff2f080000 - 0x00007fff2f7c2000 	C:\WINDOWS\System32\SHELL32.dll
0x00007fff2b5a0000 - 0x00007fff2bd35000 	C:\WINDOWS\SYSTEM32\windows.storage.dll
0x00007fff2f9b0000 - 0x00007fff2fd06000 	C:\WINDOWS\System32\combase.dll
0x00007fff2cef0000 - 0x00007fff2cf1c000 	C:\WINDOWS\SYSTEM32\Wldp.dll
0x00007fff2f900000 - 0x00007fff2f9ae000 	C:\WINDOWS\System32\SHCORE.dll
0x00007fff2e410000 - 0x00007fff2e465000 	C:\WINDOWS\System32\shlwapi.dll
0x00007fff2d480000 - 0x00007fff2d4a6000 	C:\WINDOWS\SYSTEM32\profapi.dll
0x00007fff280b0000 - 0x00007fff280bb000 	C:\Program Files\Java\jdk-15.0.1\bin\dt_socket.dll
0x00007fff2c960000 - 0x00007fff2c99b000 	C:\WINDOWS\SYSTEM32\IPHLPAPI.DLL
0x00007fff2cc70000 - 0x00007fff2ccda000 	C:\WINDOWS\system32\mswsock.dll
0x00007fff2c9a0000 - 0x00007fff2ca6b000 	C:\WINDOWS\SYSTEM32\DNSAPI.dll
0x00007fff2ed00000 - 0x00007fff2ed08000 	C:\WINDOWS\System32\NSI.dll
0x00007fff1a700000 - 0x00007fff1a70a000 	C:\Windows\System32\rasadhlp.dll
0x00007fff1a1c0000 - 0x00007fff1a23f000 	C:\WINDOWS\System32\fwpuclnt.dll
0x00007fff2da60000 - 0x00007fff2da87000 	C:\WINDOWS\System32\bcrypt.dll
0x00007ffef4ba0000 - 0x00007ffef4bb8000 	C:\Program Files\Java\jdk-15.0.1\bin\zip.dll
0x00007fff1aa70000 - 0x00007fff1aa89000 	C:\Program Files\Java\jdk-15.0.1\bin\net.dll
0x00007fff1f990000 - 0x00007fff1fa90000 	C:\WINDOWS\SYSTEM32\WINHTTP.dll
0x00007fff1aa50000 - 0x00007fff1aa62000 	C:\Program Files\Java\jdk-15.0.1\bin\nio.dll
0x00007fff1aa40000 - 0x00007fff1aa50000 	C:\Program Files\Java\jdk-15.0.1\bin\verify.dll

dbghelp: loaded successfully - version: 4.0.5 - missing functions: none
symbol engine: initialized successfully - sym options: 0x614 - pdb path: .;C:\Program Files\Java\jdk-15.0.1\bin;C:\WINDOWS\SYSTEM32;C:\WINDOWS\WinSxS\amd64_microsoft.windows.common-controls_6595b64144ccf1df_6.0.19041.488_none_ca04af081b815d21;C:\Program Files\Java\jdk-15.0.1\bin\server

VM Arguments:
jvm_args: -XX:+ShowCodeDetailsInExceptionMessages -agentlib:jdwp=transport=dt_socket,suspend=y,address=localhost:49696 -javaagent:C:\Users\ZGOP\eclipse\java-2020-09\eclipse\configuration\org.eclipse.osgi\215\0\.cp\lib\javaagent-shaded.jar -Dfile.encoding=Cp1250 
java_command: DomaciZadatakS7.Zadatak1S7
java_class_path (initial): C:\Users\ZGOP\eclipse-kursJava\Java susret 7\bin
Launcher Type: SUN_STANDARD

[Global flags]
     intx CICompilerCount                          = 3                                         {product} {ergonomic}
     uint ConcGCThreads                            = 1                                         {product} {ergonomic}
     uint G1ConcRefinementThreads                  = 4                                         {product} {ergonomic}
   size_t G1HeapRegionSize                         = 1048576                                   {product} {ergonomic}
    uintx GCDrainStackTargetSize                   = 64                                        {product} {ergonomic}
   size_t InitialHeapSize                          = 134217728                                 {product} {ergonomic}
   size_t MarkStackSize                            = 4194304                                   {product} {ergonomic}
   size_t MaxHeapSize                              = 2126512128                                {product} {ergonomic}
   size_t MaxNewSize                               = 1275068416                                {product} {ergonomic}
   size_t MinHeapDeltaBytes                        = 1048576                                   {product} {ergonomic}
   size_t MinHeapSize                              = 8388608                                   {product} {ergonomic}
    uintx NonNMethodCodeHeapSize                   = 5832780                                {pd product} {ergonomic}
    uintx NonProfiledCodeHeapSize                  = 122912730                              {pd product} {ergonomic}
    uintx ProfiledCodeHeapSize                     = 122912730                              {pd product} {ergonomic}
    uintx ReservedCodeCacheSize                    = 251658240                              {pd product} {ergonomic}
     bool SegmentedCodeCache                       = true                                      {product} {ergonomic}
     bool ShowCodeDetailsInExceptionMessages       = true                                   {manageable} {command line}
   size_t SoftMaxHeapSize                          = 2126512128                             {manageable} {ergonomic}
     bool UseCompressedClassPointers               = true                                 {lp64_product} {ergonomic}
     bool UseCompressedOops                        = true                                 {lp64_product} {ergonomic}
     bool UseG1GC                                  = true                                      {product} {ergonomic}
     bool UseLargePagesIndividualAllocation        = false                                  {pd product} {ergonomic}

Logging:
Log output configuration:
 #0: stdout all=warning uptime,level,tags
 #1: stderr all=off uptime,level,tags

Environment Variables:
PATH=C:\Program Files\Common Files\Oracle\Java\javapath;C:\Program Files (x86)\Common Files\Intel\Shared Libraries\redist\intel64_win\compiler;C:\Program Files (x86)\Intel\Intel(R) Management Engine Components\iCLS\;C:\Program Files\Intel\Intel(R) Management Engine Components\iCLS\;C:\WINDOWS\system32;C:\WINDOWS;C:\WINDOWS\System32\Wbem;C:\WINDOWS\System32\WindowsPowerShell\v1.0\;C:\WINDOWS\System32\OpenSSH\;C:\Program Files\Intel\WiFi\bin\;C:\Program Files\Common Files\Intel\WirelessCommon\;C:\Program Files (x86)\Intel\Intel(R) Management Engine Components\DAL;C:\Program Files\Intel\Intel(R) Management Engine Components\DAL;C:\Program Files\dotnet\;C:\Program Files\Microsoft SQL Server\Client SDK\ODBC\170\Tools\Binn\;C:\Program Files (x86)\Microsoft SQL Server\150\Tools\Binn\;C:\Program Files\Microsoft SQL Server\150\Tools\Binn\;C:\Program Files\Microsoft SQL Server\150\DTS\Binn\;C:\Program Files (x86)\Microsoft SQL Server\150\DTS\Binn\;C:\Program Files\Azure Data Studio\bin;C:\Program Files\Microsoft SQL Server\130\Tools\Binn\;C:\Users\ZGOP\AppData\Local\Microsoft\WindowsApps;;C:\Users\ZGOP\AppData\Local\Programs\Microsoft VS Code\bin;C:\Users\ZGOP\.dotnet\tools;C:\Users\ZGOP\AppData\Local\Microsoft\WindowsApps;C:\Program Files\Azure Data Studio\bin;C:\Users\ZGOP\.dotnet\tools
USERNAME=ZGOP
OS=Windows_NT
PROCESSOR_IDENTIFIER=Intel64 Family 6 Model 142 Stepping 9, GenuineIntel



---------------  S Y S T E M  ---------------

OS:
 Windows 10 , 64 bit Build 19041 (10.0.19041.662)
OS uptime: 0 days 2:23 hours

CPU: total 4 (initial active 4) (2 cores per cpu, 2 threads per core) family 6 model 142 stepping 9 microcode 0xb4, cmov, cx8, fxsr, mmx, sse, sse2, sse3, ssse3, sse4.1, sse4.2, popcnt, vzeroupper, avx, avx2, aes, clmul, erms, 3dnowpref, lzcnt, ht, tsc, tscinvbit, bmi1, bmi2, adx, fma, clflush, clflushopt

Memory: 4k page, system-wide physical 8108M (3383M free)
TotalPageFile size 9388M (AvailPageFile size 2491M)
current process WorkingSet (physical memory assigned to process): 42M, peak: 44M
current process commit charge ("private bytes"): 207M, peak: 209M

vm_info: Java HotSpot(TM) 64-Bit Server VM (15.0.1+9-18) for windows-amd64 JRE (15.0.1+9-18), built on Sep 15 2020 14:43:54 by "mach5one" with unknown MS VC++:1925

END.
